--- Pipeline Start (using Poetry): Thu Nov  6 07:28:46 AM UTC 2025 ---
Log file: ../logs/kbeauty_log_20251106_072846.log
---------------------------------
Starting Step 1: Running scraper_kbeauty.py
{'cat': 'https://kbeauty.ca/collections/cream', 'url': 'https://kbeauty.ca/collections/cream/products/medicube-pdrn-pink-collagen-capsule-cream-55g', 'name': 'Cream'}
Parsing product https://kbeauty.ca/collections/cream/products/medicube-deep-vita-c-capsule-cream-55g
Found 38 images
4
Traceback (most recent call last):
  File "/home/parser/schedjoy_test/kbeuaty/scripts/scraper_kbeauty.py", line 971, in <module>
    products = scrape_products_all()
  File "/home/parser/schedjoy_test/kbeuaty/scripts/scraper_kbeauty.py", line 952, in scrape_products_all
    db_status, product_id = upsert_product_data(product, cursor)
                            ~~~~~~~~~~~~~~~~~~~^^^^^^^^^^^^^^^^^
  File "/home/parser/schedjoy_test/kbeuaty/scripts/scraper_kbeauty.py", line 286, in upsert_product_data
    cursor.execute(insert_variant_query)
    ~~~~~~~~~~~~~~^^^^^^^^^^^^^^^^^^^^^^
psycopg2.errors.InvalidTextRepresentation: invalid input syntax for type numeric: ""
LINE 12:                 '', '', '', '', 'NEW', '', '', ''
                             ^

SUCCESS: scraper_kbeauty.py completed successfully.
Starting Step 2: Running export.py
No relevant variant data found for export. Exiting.
SUCCESS: export.py completed successfully.
---------------------------------
Pipeline finished successfully: Thu Nov  6 07:28:52 AM UTC 2025
