--- Pipeline Start (using Poetry): Thu Nov  6 10:42:19 AM UTC 2025 ---
Log file: ../logs/kbeauty_log_20251106_104219.log
---------------------------------
Starting Step 1: Running scraper_kbeauty.py
{'cat': 'https://kbeauty.ca/collections/cream/products/cosrx-advanced-snail-92-all-in-one-cream', 'url': 'Cream', 'name': None}
Parsing product https://kbeauty.ca/collections/cream/products/dr-althea-345-relief-cream-50ml
Found 20 images
Parsing product Cream
Error fetching URL
Found 20 images
Parsing product https://kbeauty.ca/collections/cream/products/medicube-deep-vita-c-capsule-cream-55g
Found 38 images
Parsing product https://kbeauty.ca/collections/cream/products/medicube-pdrn-pink-collagen-capsule-cream-55g
Found 18 images
Parsing product https://kbeauty.ca/collections/cream/products/aestura-atobarrier-365-cream-80ml-renew
Found 14 images
Parsing product https://kbeauty.ca/collections/cream/products/cosrx-advanced-snail-peptide-eye-cream-25ml
Found 14 images
Parsing product https://kbeauty.ca/collections/cream/products/medicube-age-r-booster-pro-1-free-silicone-mask-brush
Found 24 images
len(buttons) =  2
buttons =  [<selenium.webdriver.remote.webelement.WebElement (session="c8bf2a120e5b8ea9f0056540328d83d6", element="f.03E3252C2AA14C63384F867AF50AB439.d.7DD5A111B99D4E84C7F913BAB8ABEA82.e.1040")>, <selenium.webdriver.remote.webelement.WebElement (session="c8bf2a120e5b8ea9f0056540328d83d6", element="f.03E3252C2AA14C63384F867AF50AB439.d.7DD5A111B99D4E84C7F913BAB8ABEA82.e.1041")>]
[{'cat_name': '', 'Title': '', 'Variant SKU': '8800256114481', 'Image Src': '//kbeauty.ca/cdn/shop/files/Medicube_Beauty_device_-_AGE-R_BOOSTER_PRO_EX_PINK.webp?v=1747992130&width=1000', 'Body (HTML)': '', 'Variant Barcode': '8800256114481', 'Variant Image': '', 'Variant Price': '$249.95', 'Variant Compare At Price': '$499.00', 'Vendor': '', 'Option1 name': 'Color:', 'Option1 value': 'Pink'}]
Parsing product https://kbeauty.ca/collections/cream/products/medicube-triple-collagen-cream-4-0-50ml
Found 18 images
Parsing product https://kbeauty.ca/collections/cream/products/dr-althea-147-barrier-cream-50ml
Found 20 images
Parsing product https://kbeauty.ca/collections/cream/products/illiyoon-ceramide-ato-concentrate-cream-230ml
Found 6 images
Parsing product https://kbeauty.ca/collections/cream/products/cosrx-hyaluronic-acid-intensive-cream
Found 14 images
Parsing product https://kbeauty.ca/collections/cream/products/skin1004-madagascar-centella-travel-kit-box-150ml
Found 26 images
Parsing product https://kbeauty.ca/collections/cream/products/medicube-pdrn-pink-hyaluronic-moisturizing-cream-50ml
Found 12 images
Parsing product https://kbeauty.ca/collections/cream/products/ksecret-seoul-1988-cream-retinal-liposome-1-fermented-rice-50ml
Found 30 images
Parsing product https://kbeauty.ca/collections/cream/products/purito-seoul-mighty-bamboo-panthenol-cream-100ml
Found 16 images
Parsing product https://kbeauty.ca/collections/cream/products/anua-heartleaf-70-intense-calming-creml
Traceback (most recent call last):
  File "/home/parser/schedjoy_test/kbeuaty/scripts/scraper_kbeauty.py", line 1172, in <module>
    products = scrape_products_all()
  File "/home/parser/schedjoy_test/kbeuaty/scripts/scraper_kbeauty.py", line 1152, in scrape_products_all
    db_status, product_id = upsert_product_data(product, [], cursor)
                            ~~~~~~~~~~~~~~~~~~~^^^^^^^^^^^^^^^^^^^^^
  File "/home/parser/schedjoy_test/kbeuaty/scripts/scraper_kbeauty.py", line 486, in upsert_product_data
    target_sku = product_data.get("Variant SKU")
                 ^^^^^^^^^^^^^^^^
AttributeError: 'NoneType' object has no attribute 'get'
FATAL ERROR (1): scraper_kbeauty.py failed.
