--- Pipeline Start (using Poetry): Thu Nov  6 10:25:24 AM UTC 2025 ---
Log file: ../logs/kbeauty_log_20251106_102524.log
---------------------------------
Starting Step 1: Running scraper_kbeauty.py
{'cat': 'https://kbeauty.ca/collections/cream/products/cosrx-advanced-snail-92-all-in-one-cream', 'url': 'Cream', 'name': None}
Parsing product https://kbeauty.ca/collections/cream/products/dr-althea-345-relief-cream-50ml
Found 20 images
Traceback (most recent call last):
  File "/home/parser/schedjoy_test/kbeuaty/scripts/scraper_kbeauty.py", line 1172, in <module>
    products = scrape_products_all()
  File "/home/parser/schedjoy_test/kbeuaty/scripts/scraper_kbeauty.py", line 1152, in scrape_products_all
    db_status, product_id = upsert_product_data(product, [], cursor)
                            ~~~~~~~~~~~~~~~~~~~^^^^^^^^^^^^^^^^^^^^^
  File "/home/parser/schedjoy_test/kbeuaty/scripts/scraper_kbeauty.py", line 491, in upsert_product_data
    return upsert_single_variant(product_data, target_sku, cursor)
  File "/home/parser/schedjoy_test/kbeuaty/scripts/scraper_kbeauty.py", line 87, in upsert_single_variant
    cursor.execute(select_query)
    ~~~~~~~~~~~~~~^^^^^^^^^^^^^^
psycopg2.errors.UndefinedTable: relation "Product_DB" does not exist
LINE 1: SELECT product_id FROM "Product_DB" WHERE sku = '88094472513...
                               ^

FATAL ERROR (1): scraper_kbeauty.py failed.
