--- Pipeline Start (using Poetry): Thu Nov  6 10:18:16 AM UTC 2025 ---
Log file: ../logs/kbeauty_log_20251106_101816.log
---------------------------------
Starting Step 1: Running scraper_kbeauty.py
{'cat': 'https://kbeauty.ca/collections/cream/products/cosrx-advanced-snail-92-all-in-one-cream', 'url': 'Cream', 'name': None}
Parsing product https://kbeauty.ca/collections/cream/products/dr-althea-345-relief-cream-50ml
Found 20 images
Parsing product Cream
Error fetching URL
Found 20 images
Traceback (most recent call last):
  File "/home/parser/schedjoy_test/kbeuaty/scripts/scraper_kbeauty.py", line 964, in <module>
    products = scrape_products_all()
  File "/home/parser/schedjoy_test/kbeuaty/scripts/scraper_kbeauty.py", line 945, in scrape_products_all
    db_status, product_id = upsert_product_data(product, cursor)
                            ~~~~~~~~~~~~~~~~~~~^^^^^^^^^^^^^^^^^
  File "/home/parser/schedjoy_test/kbeuaty/scripts/scraper_kbeauty.py", line 278, in upsert_product_data
    cursor.execute(insert_variant_query)
    ~~~~~~~~~~~~~~^^^^^^^^^^^^^^^^^^^^^^
psycopg2.errors.UniqueViolation: duplicate key value violates unique constraint "variant_db_pkey"
DETAIL:  Key (var_id)=(8809447251394) already exists.

FATAL ERROR (1): scraper_kbeauty.py failed.
