--- Pipeline Start (using Poetry): Thu Nov  6 10:26:29 AM UTC 2025 ---
Log file: ../logs/kbeauty_log_20251106_102629.log
---------------------------------
Starting Step 1: Running scraper_kbeauty.py
{'cat': 'https://kbeauty.ca/collections/cream/products/cosrx-advanced-snail-92-all-in-one-cream', 'url': 'Cream', 'name': None}
Parsing product https://kbeauty.ca/collections/cream/products/dr-althea-345-relief-cream-50ml
Found 20 images
Parsing product Cream
Error fetching URL
Found 20 images
Parsing product https://kbeauty.ca/collections/cream/products/medicube-deep-vita-c-capsule-cream-55g
Found 38 images
Parsing product https://kbeauty.ca/collections/cream/products/medicube-pdrn-pink-collagen-capsule-cream-55g
Found 18 images
Parsing product https://kbeauty.ca/collections/cream/products/aestura-atobarrier-365-cream-80ml-renew
Found 14 images
Parsing product https://kbeauty.ca/collections/cream/products/cosrx-advanced-snail-peptide-eye-cream-25ml
Found 14 images
Parsing product https://kbeauty.ca/collections/cream/products/medicube-age-r-booster-pro-1-free-silicone-mask-brush
Found 24 images
len(buttons) =  2
buttons =  [<selenium.webdriver.remote.webelement.WebElement (session="8d452fb3aa8b7d5bcfe922d72ce92b5f", element="f.331D6E435CF49E44D29AEC56CB4FBC00.d.366E42551BDE7D4BA4123BFB0C9B3965.e.1089")>, <selenium.webdriver.remote.webelement.WebElement (session="8d452fb3aa8b7d5bcfe922d72ce92b5f", element="f.331D6E435CF49E44D29AEC56CB4FBC00.d.366E42551BDE7D4BA4123BFB0C9B3965.e.1090")>]
[{'cat_name': '', 'Title': '', 'Variant SKU': '8800256114481', 'Image Src': '//kbeauty.ca/cdn/shop/files/Medicube_Beauty_device_-_AGE-R_BOOSTER_PRO_EX_PINK.webp?v=1747992130&width=1000', 'Body (HTML)': '', 'Variant Barcode': '8800256114481', 'Variant Image': '', 'Variant Price': '$249.95', 'Variant Compare At Price': '$499.00', 'Vendor': '', 'Option1 name': 'Color:', 'Option1 value': 'Pink'}]
Traceback (most recent call last):
  File "/home/parser/schedjoy_test/kbeuaty/scripts/scraper_kbeauty.py", line 1172, in <module>
    products = scrape_products_all()
  File "/home/parser/schedjoy_test/kbeuaty/scripts/scraper_kbeauty.py", line 1148, in scrape_products_all
    db_status, product_id = upsert_product_data(product, variants_list, cursor)
                            ~~~~~~~~~~~~~~~~~~~^^^^^^^^^^^^^^^^^^^^^^^^^^^^^^^^
  File "/home/parser/schedjoy_test/kbeuaty/scripts/scraper_kbeauty.py", line 482, in upsert_product_data
    return upsert_multi_variant(product_data, variants, target_sku, cursor)
TypeError: upsert_multi_variant() takes 3 positional arguments but 4 were given
FATAL ERROR (1): scraper_kbeauty.py failed.
