--- Pipeline Start (using Poetry): Thu Nov  6 08:29:32 AM UTC 2025 ---
Log file: ../logs/kbeauty_log_20251106_082932.log
---------------------------------
Starting Step 1: Running scraper_kbeauty.py
{'cat': 'https://kbeauty.ca/collections/cream/products/cosrx-advanced-snail-92-all-in-one-cream', 'url': 'Cream', 'name': None}
Parsing product https://kbeauty.ca/collections/cream/products/dr-althea-345-relief-cream-50ml
Found 20 images
Traceback (most recent call last):
  File "/home/parser/schedjoy_test/kbeuaty/scripts/scraper_kbeauty.py", line 970, in <module>
    products = scrape_products_all()
  File "/home/parser/schedjoy_test/kbeuaty/scripts/scraper_kbeauty.py", line 951, in scrape_products_all
    db_status, product_id = upsert_product_data(product, cursor)
                            ~~~~~~~~~~~~~~~~~~~^^^^^^^^^^^^^^^^^
  File "/home/parser/schedjoy_test/kbeuaty/scripts/scraper_kbeauty.py", line 244, in upsert_product_data
    cursor.execute(insert_product_query)
    ~~~~~~~~~~~~~~^^^^^^^^^^^^^^^^^^^^^^
psycopg2.errors.UndefinedColumn: column "url_handle" of relation "product_db" does not exist
LINE 5:                 debug_1, debug_2, debug_3, url_handle, statu...
                                                   ^

FATAL ERROR (1): scraper_kbeauty.py failed.
