--- Pipeline Start (using Poetry): Thu Nov  6 07:57:14 AM UTC 2025 ---
Log file: ../logs/kbeauty_log_20251106_075714.log
---------------------------------
Starting Step 1: Running scraper_kbeauty.py
{'cat': 'https://kbeauty.ca/collections/cream/products/cosrx-advanced-snail-92-all-in-one-cream', 'url': 'Cream', 'name': None}
Parsing product https://kbeauty.ca/collections/cream/products/dr-althea-345-relief-cream-50ml
Found 20 images
Error: Product data is missing 'SKU'. Aborting.
Parsing product Cream
Error fetching URL
Traceback (most recent call last):
  File "/home/parser/schedjoy_test/kbeuaty/scripts/scraper_kbeauty.py", line 970, in <module>
    products = scrape_products_all()
  File "/home/parser/schedjoy_test/kbeuaty/scripts/scraper_kbeauty.py", line 920, in scrape_products_all
    prod_soup = bs(prod_html, "lxml")
  File "/home/parser/.cache/pypoetry/virtualenvs/kbeauty-3Lsz9dQy-py3.13/lib/python3.13/site-packages/bs4/__init__.py", line 445, in __init__
    raise TypeError(
        f"Incoming markup is of an invalid type: {markup!r}. Markup must be a string, a bytestring, or an open filehandle."
    )
TypeError: Incoming markup is of an invalid type: None. Markup must be a string, a bytestring, or an open filehandle.
FATAL ERROR (1): scraper_kbeauty.py failed.
